<?xml version="1.0" encoding="UTF-8"?>
<!-- Generated by org.testng.reporters.JUnitReportReporter -->
<testsuite hostname="EPBYMINW1753" name="by.epam.tat.cherevach.module4.task1.unit_testing.TestTaxiParkTotalCostParameters" tests="1" failures="0" timestamp="29 Nov 2015 19:38:30 GMT" time="0.000" errors="0">
  <testcase name="testParametr1" time="0.000" classname="by.epam.tat.cherevach.module4.task1.unit_testing.TestTaxiParkTotalCostParameters"/>
</testsuite> <!-- by.epam.tat.cherevach.module4.task1.unit_testing.TestTaxiParkTotalCostParameters -->
